<?xml version="1.0" encoding="UTF-8"?>
<testng-results skipped="0" failed="0" ignored="0" total="2" passed="2">
  <reporter-output>
  </reporter-output>
  <suite name="All Test Suite" duration-ms="9433" started-at="2019-10-17T21:49:26 CST" finished-at="2019-10-17T21:49:36 CST">
    <groups>
    </groups>
    <test name="MavenTest" duration-ms="9433" started-at="2019-10-17T21:49:26 CST" finished-at="2019-10-17T21:49:36 CST">
      <class name="com.cql.BrowerTest">
        <test-method status="PASS" signature="setUpClass(java.lang.String, java.lang.String)[pri:0, instance:com.cql.BrowerTest@26be92ad]" name="setUpClass" is-config="true" duration-ms="4439" started-at="2019-10-17T21:49:26 CST" finished-at="2019-10-17T21:49:31 CST">
          <params>
            <param index="0">
              <value>
                <![CDATA[http://www.baidu.com]]>
              </value>
            </param>
            <param index="1">
              <value>
                <![CDATA[chrome]]>
              </value>
            </param>
          </params>
          <reporter-output>
          </reporter-output>
        </test-method> <!-- setUpClass -->
        <test-method status="PASS" signature="setUp()[pri:0, instance:com.cql.BrowerTest@26be92ad]" name="setUp" is-config="true" duration-ms="1" started-at="2019-10-17T21:49:31 CST" finished-at="2019-10-17T21:49:31 CST">
          <reporter-output>
          </reporter-output>
        </test-method> <!-- setUp -->
        <test-method status="PASS" signature="browerTest(java.lang.String)[pri:0, instance:com.cql.BrowerTest@26be92ad]" name="browerTest" duration-ms="2166" started-at="2019-10-17T21:49:31 CST" data-provider="chyna_data" finished-at="2019-10-17T21:49:33 CST">
          <params>
            <param index="0">
              <value>
                <![CDATA[test]]>
              </value>
            </param>
          </params>
          <reporter-output>
          </reporter-output>
        </test-method> <!-- browerTest -->
        <test-method status="PASS" signature="tearDown()[pri:0, instance:com.cql.BrowerTest@26be92ad]" name="tearDown" is-config="true" duration-ms="0" started-at="2019-10-17T21:49:33 CST" finished-at="2019-10-17T21:49:33 CST">
          <reporter-output>
          </reporter-output>
        </test-method> <!-- tearDown -->
        <test-method status="PASS" signature="browerTest(java.lang.String)[pri:0, instance:com.cql.BrowerTest@26be92ad]" name="browerTest" duration-ms="2092" started-at="2019-10-17T21:49:33 CST" data-provider="chyna_data" finished-at="2019-10-17T21:49:35 CST">
          <params>
            <param index="0">
              <value>
                <![CDATA[堵堵堵]]>
              </value>
            </param>
          </params>
          <reporter-output>
          </reporter-output>
        </test-method> <!-- browerTest -->
        <test-method status="PASS" signature="setUp()[pri:0, instance:com.cql.BrowerTest@26be92ad]" name="setUp" is-config="true" duration-ms="0" started-at="2019-10-17T21:49:33 CST" finished-at="2019-10-17T21:49:33 CST">
          <reporter-output>
          </reporter-output>
        </test-method> <!-- setUp -->
        <test-method status="PASS" signature="tearDown()[pri:0, instance:com.cql.BrowerTest@26be92ad]" name="tearDown" is-config="true" duration-ms="0" started-at="2019-10-17T21:49:35 CST" finished-at="2019-10-17T21:49:35 CST">
          <reporter-output>
          </reporter-output>
        </test-method> <!-- tearDown -->
        <test-method status="PASS" signature="tearDownClass()[pri:0, instance:com.cql.BrowerTest@26be92ad]" name="tearDownClass" is-config="true" duration-ms="595" started-at="2019-10-17T21:49:35 CST" finished-at="2019-10-17T21:49:36 CST">
          <reporter-output>
          </reporter-output>
        </test-method> <!-- tearDownClass -->
      </class> <!-- com.cql.BrowerTest -->
    </test> <!-- MavenTest -->
  </suite> <!-- All Test Suite -->
</testng-results>
